{
  "stats": {
    "suites": 1,
    "tests": 2,
    "passes": 0,
    "pending": 0,
    "failures": 2,
    "start": "2020-08-25T22:40:30.453Z",
    "end": "2020-08-25T22:40:42.334Z",
    "duration": 11881,
    "testsRegistered": 2,
    "passPercent": 0,
    "pendingPercent": 0,
    "other": 0,
    "hasOther": false,
    "skipped": 0,
    "hasSkipped": false
  },
  "results": [
    {
      "uuid": "8cb6b749-e43b-4daa-8372-985256ba6d4e",
      "title": "",
      "fullFile": "",
      "file": "",
      "beforeHooks": [],
      "afterHooks": [],
      "tests": [],
      "suites": [
        {
          "uuid": "3e62ab7e-55b6-4708-a799-f7dc57404f71",
          "title": "Ao clicar na resposta correta, pontos devem ser somados no placar da pessoa que está jogando",
          "fullFile": "",
          "file": "",
          "beforeHooks": [],
          "afterHooks": [],
          "tests": [
            {
              "title": "soma pontos ao acertar uma questão",
              "fullTitle": "Ao clicar na resposta correta, pontos devem ser somados no placar da pessoa que está jogando soma pontos ao acertar uma questão",
              "timedOut": null,
              "duration": 5591,
              "state": "failed",
              "speed": null,
              "pass": false,
              "fail": true,
              "pending": false,
              "context": null,
              "code": "var then = JSON.parse(localStorage.getItem(LOCAL_STORAGE_STATE_KEY));\ncy.get(CORRECT_ALTERNATIVE_SELECTOR).click().then(function () {\n  var now = JSON.parse(localStorage.getItem(LOCAL_STORAGE_STATE_KEY));\n  expect(then.player.score).to.be.lt(now.player.score);\n});",
              "err": {
                "message": "TypeError: Cannot read property 'player' of null",
                "estack": "TypeError: Cannot read property 'player' of null\n    at Context.<anonymous> (http://localhost:3000/__cypress/tests?p=cypress/integration/project.spec.js-940:142:19)",
                "diff": null
              },
              "uuid": "2998b175-33db-45fe-ac23-d55904c71e34",
              "parentUUID": "3e62ab7e-55b6-4708-a799-f7dc57404f71",
              "isHook": false,
              "skipped": false
            },
            {
              "title": "não soma pontos ao errar uma questão",
              "fullTitle": "Ao clicar na resposta correta, pontos devem ser somados no placar da pessoa que está jogando não soma pontos ao errar uma questão",
              "timedOut": null,
              "duration": 2810,
              "state": "failed",
              "speed": null,
              "pass": false,
              "fail": true,
              "pending": false,
              "context": null,
              "code": "var then = JSON.parse(localStorage.getItem(LOCAL_STORAGE_STATE_KEY));\ncy.get(WRONG_ALTERNATIVES_SELECTOR).first().click().then(function () {\n  var now = JSON.parse(localStorage.getItem(LOCAL_STORAGE_STATE_KEY));\n  expect(then.player.score).to.be.eq(now.player.score);\n});",
              "err": {
                "message": "TypeError: Cannot read property 'player' of null",
                "estack": "TypeError: Cannot read property 'player' of null\n    at Context.<anonymous> (http://localhost:3000/__cypress/tests?p=cypress/integration/project.spec.js-940:149:19)",
                "diff": null
              },
              "uuid": "6b3c769d-9b32-4c8f-89b5-3caa9938a8c3",
              "parentUUID": "3e62ab7e-55b6-4708-a799-f7dc57404f71",
              "isHook": false,
              "skipped": false
            }
          ],
          "suites": [],
          "passes": [],
          "failures": [
            "2998b175-33db-45fe-ac23-d55904c71e34",
            "6b3c769d-9b32-4c8f-89b5-3caa9938a8c3"
          ],
          "pending": [],
          "skipped": [],
          "duration": 8401,
          "root": false,
          "rootEmpty": false,
          "_timeout": 2000
        }
      ],
      "passes": [],
      "failures": [],
      "pending": [],
      "skipped": [],
      "duration": 0,
      "root": true,
      "rootEmpty": true,
      "_timeout": 2000
    }
  ],
  "meta": {
    "mocha": {
      "version": "7.2.0"
    },
    "mochawesome": {
      "options": {
        "quiet": false,
        "reportFilename": "mochawesome",
        "saveHtml": false,
        "saveJson": true,
        "consoleReporter": "spec",
        "useInlineDiffs": false,
        "code": true
      },
      "version": "6.1.1"
    },
    "marge": {
      "options": {
        "id": "default",
        "reportDir": "cypress/reports",
        "overwrite": true,
        "html": false,
        "json": true
      },
      "version": "5.1.0"
    }
  }
}